Installing dependencies from lock file (including require-dev)
Verifying lock file contents can be installed on current platform.
Package operations: 142 installs, 0 updates, 0 removals
  - Downloading symfony/polyfill-php80 (v1.37.0)
  - Downloading symfony/deprecation-contracts (v3.7.0)
  - Downloading psr/http-message (2.0)
  - Downloading psr/http-client (1.0.3)
  - Downloading ralouphie/getallheaders (3.0.3)
  - Downloading psr/http-factory (1.1.0)
  - Downloading guzzlehttp/psr7 (2.11.0)
  - Downloading guzzlehttp/promises (2.5.0)
  - Downloading guzzlehttp/guzzle (7.11.0)
  - Downloading africastalking/africastalking (v3.0.2)
  - Downloading dasprid/enum (1.0.7)
  - Downloading psr/log (3.0.2)
  - Downloading psr/cache (3.0.0)
  - Downloading doctrine/event-manager (2.1.1)
  - Downloading doctrine/deprecations (1.1.6)
  - Downloading doctrine/dbal (3.10.5)
  - Downloading doctrine/inflector (2.1.0)
  - Downloading doctrine/lexer (3.0.1)
  - Downloading dragonmantank/cron-expression (v3.6.0)
  - Downloading psr/container (2.0.2)
  - Downloading fakerphp/faker (v1.24.1)
  - Downloading symfony/polyfill-php83 (v1.38.1)
  - Downloading symfony/polyfill-mbstring (v1.38.1)
  - Downloading symfony/http-foundation (v6.4.41)
  - Downloading fruitcake/php-cors (v1.4.0)
  - Downloading guzzlehttp/uri-template (v1.0.6)
  - Downloading jean85/pretty-package-versions (2.1.1)
  - Downloading symfony/psr-http-message-bridge (v7.4.8)
  - Downloading symfony/polyfill-intl-normalizer (v1.38.0)
  - Downloading symfony/polyfill-intl-grapheme (v1.38.1)
  - Downloading symfony/polyfill-ctype (v1.37.0)
  - Downloading symfony/string (v7.4.13)
  - Downloading symfony/service-contracts (v3.7.0)
  - Downloading symfony/console (v6.4.41)
  - Downloading paragonie/random_compat (v9.99.100)
  - Downloading paragonie/constant_time_encoding (v3.1.3)
  - Downloading phpseclib/phpseclib (3.0.52)
  - Downloading nyholm/psr7 (1.8.2)
  - Downloading league/uri-interfaces (7.8.1)
  - Downloading league/uri (7.8.1)
  - Downloading league/event (2.3.0)
  - Downloading psr/clock (1.0.0)
  - Downloading lcobucci/jwt (5.6.0)
  - Downloading lcobucci/clock (3.5.0)
  - Downloading defuse/php-encryption (v2.4.0)
  - Downloading league/oauth2-server (8.5.5)
  - Downloading voku/portable-ascii (2.1.1)
  - Downloading phpoption/phpoption (1.9.5)
  - Downloading graham-campbell/result-type (v1.1.4)
  - Downloading vlucas/phpdotenv (v5.6.3)
  - Downloading symfony/css-selector (v7.4.9)
  - Downloading tijsverkoyen/css-to-inline-styles (v2.4.0)
  - Downloading symfony/var-dumper (v6.4.36)
  - Downloading symfony/polyfill-uuid (v1.37.0)
  - Downloading symfony/uid (v6.4.32)
  - Downloading symfony/routing (v6.4.41)
  - Downloading symfony/process (v6.4.41)
  - Downloading symfony/polyfill-intl-idn (v1.38.1)
  - Downloading symfony/mime (v6.4.41)
  - Downloading psr/event-dispatcher (1.0.0)
  - Downloading symfony/event-dispatcher-contracts (v3.7.0)
  - Downloading symfony/event-dispatcher (v7.4.9)
  - Downloading egulias/email-validator (4.0.4)
  - Downloading symfony/mailer (v6.4.40)
  - Downloading symfony/error-handler (v6.4.36)
  - Downloading symfony/http-kernel (v6.4.41)
  - Downloading symfony/finder (v6.4.34)
  - Downloading ramsey/collection (2.1.1)
  - Downloading brick/math (0.12.3)
  - Downloading ramsey/uuid (4.9.2)
  - Downloading psr/simple-cache (3.0.0)
  - Downloading nunomaduro/termwind (v1.17.0)
  - Downloading symfony/translation-contracts (v3.7.0)
  - Downloading symfony/translation (v6.4.38)
  - Downloading carbonphp/carbon-doctrine-types (2.1.0)
  - Downloading nesbot/carbon (2.73.0)
  - Downloading monolog/monolog (3.10.0)
  - Downloading league/mime-type-detection (1.16.0)
  - Downloading league/flysystem (3.34.0)
  - Downloading league/flysystem-local (3.31.0)
  - Downloading nette/utils (v4.1.4)
  - Downloading nette/schema (v1.3.5)
  - Downloading dflydev/dot-access-data (v3.0.3)
  - Downloading league/config (v1.2.0)
  - Downloading league/commonmark (2.8.2)
  - Downloading laravel/serializable-closure (v1.3.7)
  - Downloading laravel/framework (10.x-dev 3ff39b7)
  - Downloading laravel/prompts (v0.1.25)
  - Downloading firebase/php-jwt (v7.0.5)
  - Downloading laravel/passport (v12.4.3)
  - Downloading laravel/pint (v1.29.1)
  - Downloading symfony/yaml (v7.4.13)
  - Downloading laravel/sail (v1.62.0)
  - Downloading laravel/sanctum (v3.3.3)
  - Downloading league/oauth1-client (v1.11.0)
  - Downloading laravel/socialite (v5.27.0)
  - Downloading nikic/php-parser (v5.7.0)
  - Downloading psy/psysh (v0.12.23)
  - Downloading laravel/tinker (v2.11.1)
  - Downloading hamcrest/hamcrest-php (v2.1.1)
  - Downloading mockery/mockery (1.6.12)
  - Downloading filp/whoops (2.18.4)
  - Downloading nunomaduro/collision (v7.12.0)
  - Downloading sebastian/version (4.0.1)
  - Downloading sebastian/type (4.0.0)
  - Downloading sebastian/recursion-context (5.0.1)
  - Downloading sebastian/object-reflector (3.0.0)
  - Downloading sebastian/object-enumerator (5.0.0)
  - Downloading sebastian/global-state (6.0.2)
  - Downloading sebastian/exporter (5.1.4)
  - Downloading sebastian/environment (6.1.0)
  - Downloading sebastian/diff (5.1.1)
  - Downloading sebastian/comparator (5.0.5)
  - Downloading sebastian/code-unit (2.0.0)
  - Downloading sebastian/cli-parser (2.0.1)
  - Downloading phpunit/php-timer (6.0.0)
  - Downloading phpunit/php-text-template (3.0.1)
  - Downloading phpunit/php-invoker (4.0.0)
  - Downloading phpunit/php-file-iterator (4.1.0)
  - Downloading theseer/tokenizer (1.3.1)
  - Downloading sebastian/lines-of-code (2.0.2)
  - Downloading sebastian/complexity (3.2.0)
  - Downloading sebastian/code-unit-reverse-lookup (3.0.0)
  - Downloading phpunit/php-code-coverage (10.1.16)
  - Downloading phar-io/version (3.2.1)
  - Downloading phar-io/manifest (2.0.4)
  - Downloading myclabs/deep-copy (1.13.4)
  - Downloading phpunit/phpunit (10.5.63)
  - Downloading pragmarx/google2fa (v8.0.3)
  - Downloading predis/predis (v2.4.1)
  - Downloading pusher/pusher-php-server (7.2.8)
  - Downloading symfony/options-resolver (v7.4.8)
  - Downloading sentry/sentry (4.27.0)
  - Downloading sentry/sentry-laravel (4.25.1)
  - Downloading bacon/bacon-qr-code (2.0.8)
  - Downloading simplesoftwareio/simple-qrcode (4.2.0)
  - Downloading spatie/error-solutions (1.1.3)
  - Downloading spatie/backtrace (1.8.2)
  - Downloading spatie/flare-client-php (1.11.1)
  - Downloading spatie/ignition (1.16.0)
  - Downloading spatie/laravel-ignition (2.9.1)
  - Downloading twilio/sdk (8.11.6)
  - Installing symfony/polyfill-php80 (v1.37.0): Extracting archive
  - Installing symfony/deprecation-contracts (v3.7.0): Extracting archive
  - Installing psr/http-message (2.0): Extracting archive
  - Installing psr/http-client (1.0.3): Extracting archive
  - Installing ralouphie/getallheaders (3.0.3): Extracting archive
  - Installing psr/http-factory (1.1.0): Extracting archive
  - Installing guzzlehttp/psr7 (2.11.0): Extracting archive
  - Installing guzzlehttp/promises (2.5.0): Extracting archive
  - Installing guzzlehttp/guzzle (7.11.0): Extracting archive
  - Installing africastalking/africastalking (v3.0.2): Extracting archive
  - Installing dasprid/enum (1.0.7): Extracting archive
  - Installing psr/log (3.0.2): Extracting archive
  - Installing psr/cache (3.0.0): Extracting archive
  - Installing doctrine/event-manager (2.1.1): Extracting archive
  - Installing doctrine/deprecations (1.1.6): Extracting archive
  - Installing doctrine/dbal (3.10.5): Extracting archive
  - Installing doctrine/inflector (2.1.0): Extracting archive
  - Installing doctrine/lexer (3.0.1): Extracting archive
  - Installing dragonmantank/cron-expression (v3.6.0): Extracting archive
  - Installing psr/container (2.0.2): Extracting archive
  - Installing fakerphp/faker (v1.24.1): Extracting archive
  - Installing symfony/polyfill-php83 (v1.38.1): Extracting archive
  - Installing symfony/polyfill-mbstring (v1.38.1): Extracting archive
  - Installing symfony/http-foundation (v6.4.41): Extracting archive
  - Installing fruitcake/php-cors (v1.4.0): Extracting archive
  - Installing guzzlehttp/uri-template (v1.0.6): Extracting archive
  - Installing jean85/pretty-package-versions (2.1.1): Extracting archive
  - Installing symfony/psr-http-message-bridge (v7.4.8): Extracting archive
  - Installing symfony/polyfill-intl-normalizer (v1.38.0): Extracting archive
  - Installing symfony/polyfill-intl-grapheme (v1.38.1): Extracting archive
  - Installing symfony/polyfill-ctype (v1.37.0): Extracting archive
  - Installing symfony/string (v7.4.13): Extracting archive
  - Installing symfony/service-contracts (v3.7.0): Extracting archive
  - Installing symfony/console (v6.4.41): Extracting archive
  - Installing paragonie/random_compat (v9.99.100): Extracting archive
  - Installing paragonie/constant_time_encoding (v3.1.3): Extracting archive
  - Installing phpseclib/phpseclib (3.0.52): Extracting archive
  - Installing nyholm/psr7 (1.8.2): Extracting archive
  - Installing league/uri-interfaces (7.8.1): Extracting archive
  - Installing league/uri (7.8.1): Extracting archive
  - Installing league/event (2.3.0): Extracting archive
  - Installing psr/clock (1.0.0): Extracting archive
  - Installing lcobucci/jwt (5.6.0): Extracting archive
  - Installing lcobucci/clock (3.5.0): Extracting archive
  - Installing defuse/php-encryption (v2.4.0): Extracting archive
  - Installing league/oauth2-server (8.5.5): Extracting archive
  - Installing voku/portable-ascii (2.1.1): Extracting archive
  - Installing phpoption/phpoption (1.9.5): Extracting archive
  - Installing graham-campbell/result-type (v1.1.4): Extracting archive
  - Installing vlucas/phpdotenv (v5.6.3): Extracting archive
  - Installing symfony/css-selector (v7.4.9): Extracting archive
  - Installing tijsverkoyen/css-to-inline-styles (v2.4.0): Extracting archive
  - Installing symfony/var-dumper (v6.4.36): Extracting archive
  - Installing symfony/polyfill-uuid (v1.37.0): Extracting archive
  - Installing symfony/uid (v6.4.32): Extracting archive
  - Installing symfony/routing (v6.4.41): Extracting archive
  - Installing symfony/process (v6.4.41): Extracting archive
  - Installing symfony/polyfill-intl-idn (v1.38.1): Extracting archive
  - Installing symfony/mime (v6.4.41): Extracting archive
  - Installing psr/event-dispatcher (1.0.0): Extracting archive
  - Installing symfony/event-dispatcher-contracts (v3.7.0): Extracting archive
  - Installing symfony/event-dispatcher (v7.4.9): Extracting archive
  - Installing egulias/email-validator (4.0.4): Extracting archive
  - Installing symfony/mailer (v6.4.40): Extracting archive
  - Installing symfony/error-handler (v6.4.36): Extracting archive
  - Installing symfony/http-kernel (v6.4.41): Extracting archive
  - Installing symfony/finder (v6.4.34): Extracting archive
  - Installing ramsey/collection (2.1.1): Extracting archive
  - Installing brick/math (0.12.3): Extracting archive
  - Installing ramsey/uuid (4.9.2): Extracting archive
  - Installing psr/simple-cache (3.0.0): Extracting archive
  - Installing nunomaduro/termwind (v1.17.0): Extracting archive
  - Installing symfony/translation-contracts (v3.7.0): Extracting archive
  - Installing symfony/translation (v6.4.38): Extracting archive
  - Installing carbonphp/carbon-doctrine-types (2.1.0): Extracting archive
  - Installing nesbot/carbon (2.73.0): Extracting archive
  - Installing monolog/monolog (3.10.0): Extracting archive
  - Installing league/mime-type-detection (1.16.0): Extracting archive
  - Installing league/flysystem (3.34.0): Extracting archive
  - Installing league/flysystem-local (3.31.0): Extracting archive
  - Installing nette/utils (v4.1.4): Extracting archive
  - Installing nette/schema (v1.3.5): Extracting archive
  - Installing dflydev/dot-access-data (v3.0.3): Extracting archive
  - Installing league/config (v1.2.0): Extracting archive
  - Installing league/commonmark (2.8.2): Extracting archive
  - Installing laravel/serializable-closure (v1.3.7): Extracting archive
  - Installing laravel/framework (10.x-dev 3ff39b7): Extracting archive
  - Installing laravel/prompts (v0.1.25): Extracting archive
  - Installing firebase/php-jwt (v7.0.5): Extracting archive
  - Installing laravel/passport (v12.4.3): Extracting archive
  - Installing laravel/pint (v1.29.1): Extracting archive
  - Installing symfony/yaml (v7.4.13): Extracting archive
  - Installing laravel/sail (v1.62.0): Extracting archive
  - Installing laravel/sanctum (v3.3.3): Extracting archive
  - Installing league/oauth1-client (v1.11.0): Extracting archive
  - Installing laravel/socialite (v5.27.0): Extracting archive
  - Installing nikic/php-parser (v5.7.0): Extracting archive
  - Installing psy/psysh (v0.12.23): Extracting archive
  - Installing laravel/tinker (v2.11.1): Extracting archive
  - Installing hamcrest/hamcrest-php (v2.1.1): Extracting archive
  - Installing mockery/mockery (1.6.12): Extracting archive
  - Installing filp/whoops (2.18.4): Extracting archive
  - Installing nunomaduro/collision (v7.12.0): Extracting archive
  - Installing sebastian/version (4.0.1): Extracting archive
  - Installing sebastian/type (4.0.0): Extracting archive
  - Installing sebastian/recursion-context (5.0.1): Extracting archive
  - Installing sebastian/object-reflector (3.0.0): Extracting archive
  - Installing sebastian/object-enumerator (5.0.0): Extracting archive
  - Installing sebastian/global-state (6.0.2): Extracting archive
  - Installing sebastian/exporter (5.1.4): Extracting archive
  - Installing sebastian/environment (6.1.0): Extracting archive
  - Installing sebastian/diff (5.1.1): Extracting archive
  - Installing sebastian/comparator (5.0.5): Extracting archive
  - Installing sebastian/code-unit (2.0.0): Extracting archive
  - Installing sebastian/cli-parser (2.0.1): Extracting archive
  - Installing phpunit/php-timer (6.0.0): Extracting archive
  - Installing phpunit/php-text-template (3.0.1): Extracting archive
  - Installing phpunit/php-invoker (4.0.0): Extracting archive
  - Installing phpunit/php-file-iterator (4.1.0): Extracting archive
  - Installing theseer/tokenizer (1.3.1): Extracting archive
  - Installing sebastian/lines-of-code (2.0.2): Extracting archive
  - Installing sebastian/complexity (3.2.0): Extracting archive
  - Installing sebastian/code-unit-reverse-lookup (3.0.0): Extracting archive
  - Installing phpunit/php-code-coverage (10.1.16): Extracting archive
  - Installing phar-io/version (3.2.1): Extracting archive
  - Installing phar-io/manifest (2.0.4): Extracting archive
  - Installing myclabs/deep-copy (1.13.4): Extracting archive
  - Installing phpunit/phpunit (10.5.63): Extracting archive
  - Installing pragmarx/google2fa (v8.0.3): Extracting archive
  - Installing predis/predis (v2.4.1): Extracting archive
  - Installing pusher/pusher-php-server (7.2.8): Extracting archive
  - Installing symfony/options-resolver (v7.4.8): Extracting archive
  - Installing sentry/sentry (4.27.0): Extracting archive
  - Installing sentry/sentry-laravel (4.25.1): Extracting archive
  - Installing bacon/bacon-qr-code (2.0.8): Extracting archive
  - Installing simplesoftwareio/simple-qrcode (4.2.0): Extracting archive
  - Installing spatie/error-solutions (1.1.3): Extracting archive
  - Installing spatie/backtrace (1.8.2): Extracting archive
  - Installing spatie/flare-client-php (1.11.1): Extracting archive
  - Installing spatie/ignition (1.16.0): Extracting archive
  - Installing spatie/laravel-ignition (2.9.1): Extracting archive
  - Installing twilio/sdk (8.11.6): Extracting archive
Generating optimized autoload files
> Illuminate\Foundation\ComposerScripts::postAutoloadDump
> @php artisan package:discover --ansi

   InvalidArgumentException 

  Please provide a valid cache path.

  at vendor/laravel/framework/src/Illuminate/View/Compilers/Compiler.php:67
     63▕         $shouldCache = true,
     64▕         $compiledExtension = 'php')
     65▕     {
     66▕         if (! $cachePath) {
  ➜  67▕             throw new InvalidArgumentException('Please provide a valid cache path.');
     68▕         }
     69▕ 
     70▕         $this->files = $files;
     71▕         $this->cachePath = $cachePath;

      [2m+10 vendor frames [22m

  11  app/Providers/AppServiceProvider.php:110
      Illuminate\Support\Facades\Facade::__callStatic()
      [2m+7 vendor frames [22m

  19  [internal]:0
      Illuminate\Foundation\Application::Illuminate\Foundation\{closure}()

Script @php artisan package:discover --ansi handling the post-autoload-dump event returned with error code 1
